2024-07-12 12:28:32 WARN  TestNG:133 - Ignoring duplicate listener : utilities.ExtentReportManager
2024-07-12 12:28:32 INFO  TC_001_AccountRegistrationTest:45 - before every class
2024-07-12 12:28:34 INFO  TC_001_AccountRegistrationTest:15 - ***** Starting TC001_AccountRegistrationTest  ****
2024-07-12 12:28:34 INFO  TC_001_AccountRegistrationTest:21 - Clicked on MyAccount Link.. 
2024-07-12 12:28:35 INFO  TC_001_AccountRegistrationTest:24 - Clicked on Register Link.. 
2024-07-12 12:28:35 INFO  TC_001_AccountRegistrationTest:28 - Providing customer details...
2024-07-12 12:28:35 INFO  TC_001_AccountRegistrationTest:42 - Validating expected message..
2024-07-12 12:28:36 INFO  TC_001_AccountRegistrationTest:46 - Test passed
2024-07-12 12:28:36 INFO  TC_001_AccountRegistrationTest:55 - ***** Finished TC001_AccountRegistrationTest *****
2024-07-12 12:28:36 INFO  TC_001_AccountRegistrationTest:106 - after every class
2024-07-12 12:28:36 INFO  TC_002_LoginTest:45 - before every class
2024-07-12 12:28:37 INFO  TC_002_LoginTest:17 - **** Starting TC_002_LoginTest  ****
2024-07-12 12:28:38 INFO  TC_002_LoginTest:24 - clicked on myaccount link on the home page..
2024-07-12 12:28:38 INFO  TC_002_LoginTest:26 - clicked on login link under myaccount..
2024-07-12 12:28:38 INFO  TC_002_LoginTest:30 - Entering valid email and password..
2024-07-12 12:28:38 INFO  TC_002_LoginTest:34 - clicked on ligin button..
2024-07-12 12:28:38 INFO  TC_002_LoginTest:48 - **** Finished TC_002_LoginTest  ****
2024-07-12 12:28:38 INFO  TC_002_LoginTest:106 - after every class
2024-07-12 12:28:39 INFO  TC_002_LoginTest:45 - before every class
2024-07-12 12:28:41 INFO  TC_002_LoginTest:17 - **** Starting TC_002_LoginTest  ****
2024-07-12 12:28:41 INFO  TC_002_LoginTest:24 - clicked on myaccount link on the home page..
2024-07-12 12:28:41 INFO  TC_002_LoginTest:26 - clicked on login link under myaccount..
2024-07-12 12:28:41 INFO  TC_002_LoginTest:30 - Entering valid email and password..
2024-07-12 12:28:42 INFO  TC_002_LoginTest:34 - clicked on ligin button..
2024-07-12 12:28:42 INFO  TC_002_LoginTest:48 - **** Finished TC_002_LoginTest  ****
2024-07-12 12:28:42 INFO  TC_002_LoginTest:106 - after every class
